[freecrytpoforyou.live/455ce2e.html]
[backblue.gif]
[fade.gif]
[index.html]
[freecrytpoforyou.live/cdn-cgi/apps/head/eGdyKo7eaN_BL5tLBNJWbDp8FhU.js]
[browser.sentry-cdn.com/6.4.1/bundle.min.js]
[www.google-analytics.com/analytics.js]
[d13pxqgp3ixdbh.cloudfront.net/uploads/1637856129a402340661a56b2434ea4f445aeb5436.jpg]
[d13pxqgp3ixdbh.cloudfront.net/uploads/16092706812cfcd4f149e83a5a4d47a8d9de077bb1.png]
[d13pxqgp3ixdbh.cloudfront.net/uploads/1503049344e5a4b9064a106ccb98c961c6b73fa271.png]
[d13pxqgp3ixdbh.cloudfront.net/uploads/1636471537cc9c306f7c389c185189bf3daf7260c1.png]
[d13pxqgp3ixdbh.cloudfront.net/uploads/16356530149871f3ad26cacfb5ad62be3af4f83078.png]
[d13pxqgp3ixdbh.cloudfront.net/uploads/16356530079192e6f42956c06c93882dc8f2b524f5.png]
[d13pxqgp3ixdbh.cloudfront.net/uploads/16356530209e46ef11b612e6f52b6e6b67f322a7af.png]
[d13pxqgp3ixdbh.cloudfront.net/uploads/163565302671a941e9ac48f19ce1f2ca237332eb50.png]
[d13pxqgp3ixdbh.cloudfront.net/uploads/1636472786ee1905a53e0b903bb72600a288d20d03.png]
[d13pxqgp3ixdbh.cloudfront.net/uploads/1637854180d3eb9f93c9e1258b690f7aab827dd06f.png]
[d13pxqgp3ixdbh.cloudfront.net/uploads/1635653021ac61a7aa31f58b94c30339f142fa4242.png]
[d13pxqgp3ixdbh.cloudfront.net/uploads/163542468278c021e06cc778d4aef36f80e47413a2.gif]
[ajax.googleapis.com/ajax/libs/jquery/2.2.4/jquery.min.js]
[d12u7tum9sda5e.cloudfront.net/100d1ed.js]
[freecrytpoforyou.live/customTemplateGlobal.set]
[freecrytpoforyou.live/455ce2e.html]
[freecrytpoforyou.live/customTemplateGlobal.html]
